<?xml version="1.0" encoding="UTF-8"?>
<!-- Generated by org.testng.reporters.JUnitXMLReporter -->
<testsuite hostname="HP-PC" ignored="0" name="Default test" tests="2" failures="0" timestamp="28 Nov 2019 02:14:43 GMT" time="20.438" errors="0">
  <testcase name="validLogin" time="5.163" classname="com.sampledemo.pagefactory.testcase.loginPageTestcase"/>
  <testcase name="dataVerificationinLogin" time="0.093" classname="com.sampledemo.pagefactory.testcase.loginPageTestcase"/>
</testsuite> <!-- Default test -->
