<?xml version="1.0" encoding="UTF-8"?>
<!-- Generated by org.testng.reporters.JUnitXMLReporter -->
<testsuite hostname="HP-PC" ignored="0" name="SignOnTestcase" tests="4" failures="0" timestamp="18 Nov 2019 02:20:48 GMT" time="31.146" errors="0">
  <testcase name="navigationOfSignOnPage" time="0.019" classname="Test.project1.signOnPageTestcase"/>
  <testcase name="lengthOfTextbox" time="0.089" classname="Test.project1.signOnPageTestcase"/>
  <testcase name="contentVerification" time="0.056" classname="Test.project1.signOnPageTestcase"/>
  <testcase name="formatOfContent" time="0.082" classname="Test.project1.signOnPageTestcase"/>
</testsuite> <!-- SignOnTestcase -->
