<?xml version="1.0" encoding="UTF-8"?>
<!-- Generated by org.testng.reporters.JUnitXMLReporter -->
<testsuite hostname="HP-PC" ignored="0" name="TestLoginPage" tests="2" failures="0" timestamp="28 Nov 2019 02:24:38 GMT" time="37.686" errors="0">
  <testcase name="validLogin" time="21.718" classname="com.sampledemo.pagefactory.testcase.loginPageTestcase"/>
  <testcase name="dataVerificationinLogin" time="0.107" classname="com.sampledemo.pagefactory.testcase.loginPageTestcase"/>
</testsuite> <!-- TestLoginPage -->
