<?xml version="1.0" encoding="UTF-8"?>
<!-- Generated by org.testng.reporters.JUnitXMLReporter -->
<testsuite hostname="HP-PC" ignored="0" name="TestRegisterPage" tests="3" failures="0" timestamp="28 Nov 2019 02:26:36 GMT" time="88.779" errors="0">
  <testcase name="registration" time="19.978" classname="com.sampledemo.pagefactory.testcase.registerPageTestcase"/>
  <testcase name="registration" time="24.923" classname="com.sampledemo.pagefactory.testcase.registerPageTestcase"/>
  <testcase name="registration" time="25.193" classname="com.sampledemo.pagefactory.testcase.registerPageTestcase"/>
</testsuite> <!-- TestRegisterPage -->
