<?xml version="1.0" encoding="UTF-8"?>
<!-- Generated by org.testng.reporters.JUnitXMLReporter -->
<testsuite hostname="HP-PC" ignored="0" name="TestSignOnPage" tests="4" failures="0" timestamp="28 Nov 2019 02:25:07 GMT" time="28.879" errors="0">
  <testcase name="navigationOfSignOnPage" time="0.923" classname="com.sampledemo.pagefactory.testcase.signOnPageTestcase"/>
  <testcase name="lengthOfTextbox" time="1.174" classname="com.sampledemo.pagefactory.testcase.signOnPageTestcase"/>
  <testcase name="contentVerification" time="0.935" classname="com.sampledemo.pagefactory.testcase.signOnPageTestcase"/>
  <testcase name="formatOfContent" time="1.154" classname="com.sampledemo.pagefactory.testcase.signOnPageTestcase"/>
</testsuite> <!-- TestSignOnPage -->
